<?xml version="1.0" encoding="UTF-8"?>
<testng-results skipped="0" failed="0" total="1" passed="1">
  <reporter-output>
  </reporter-output>
  <suite name="Suite" duration-ms="51" started-at="2017-04-30T15:19:57Z" finished-at="2017-04-30T15:19:57Z">
    <groups>
    </groups>
    <test name="Test" duration-ms="51" started-at="2017-04-30T15:19:57Z" finished-at="2017-04-30T15:19:57Z">
      <class name="TestPackage.FlipHome">
        <test-method status="PASS" signature="somemethod()[pri:0, instance:TestPackage.FlipHome@3dd3bcd]" name="somemethod" is-config="true" duration-ms="20" started-at="2017-04-30T20:49:57Z" finished-at="2017-04-30T20:49:57Z">
          <reporter-output>
          </reporter-output>
        </test-method> <!-- somemethod -->
        <test-method status="PASS" signature="Script()[pri:0, instance:TestPackage.FlipHome@3dd3bcd]" name="Script" duration-ms="20" started-at="2017-04-30T20:49:57Z" finished-at="2017-04-30T20:49:57Z">
          <reporter-output>
          </reporter-output>
        </test-method> <!-- Script -->
      </class> <!-- TestPackage.FlipHome -->
    </test> <!-- Test -->
  </suite> <!-- Suite -->
</testng-results>
